[ 2015-09-30T09:44:11+08:00 ] 113.44.192.165 /
INFO: [ app_init ] --START--
INFO: Run Behavior\BuildLiteBehavior [ RunTime:0.000027s ]
INFO: [ app_init ] --END-- [ RunTime:0.011758s ]
INFO: [ app_begin ] --START--
INFO: Run Behavior\ReadHtmlCacheBehavior [ RunTime:0.001272s ]
INFO: [ app_begin ] --END-- [ RunTime:0.001361s ]
NOTIC: [8] A session had already been started - ignoring session_start() /home/www/new.dlxu.com/Application/Home/Controller/Base.class.php 第 8 行.

[ 2015-09-30T09:44:12+08:00 ] 113.44.192.165 /User/index.html
INFO: [ app_init ] --START--
INFO: Run Behavior\BuildLiteBehavior [ RunTime:0.000031s ]
INFO: [ app_init ] --END-- [ RunTime:0.000428s ]
INFO: [ app_begin ] --START--
INFO: Run Behavior\ReadHtmlCacheBehavior [ RunTime:0.000466s ]
INFO: [ app_begin ] --END-- [ RunTime:0.000517s ]
NOTIC: [8] A session had already been started - ignoring session_start() /home/www/new.dlxu.com/Application/Home/Controller/UserController.class.php 第 8 行.
INFO: [ view_parse ] --START--
INFO: [ template_filter ] --START--
INFO: Run Behavior\ContentReplaceBehavior [ RunTime:0.000061s ]
INFO: [ template_filter ] --END-- [ RunTime:0.000135s ]
NOTIC: [8] Undefined variable: siteInfo /home/www/new.dlxu.com/Application/Runtime/Cache/Home/6830cbac89ff06451c77cd8769d6d4ca.php 第 5 行.
INFO: Run Behavior\ParseTemplateBehavior [ RunTime:0.044374s ]
INFO: [ view_parse ] --END-- [ RunTime:0.044460s ]
INFO: [ view_filter ] --START--
INFO: Run Behavior\WriteHtmlCacheBehavior [ RunTime:0.000744s ]
INFO: [ view_filter ] --END-- [ RunTime:0.000780s ]
INFO: [ app_end ] --START--
INFO: Run Behavior\ShowPageTraceBehavior [ RunTime:0.001063s ]
INFO: [ app_end ] --END-- [ RunTime:0.001105s ]

[ 2015-09-30T09:44:12+08:00 ] 113.44.192.165 /favicon.ico
INFO: [ app_init ] --START--
INFO: Run Behavior\BuildLiteBehavior [ RunTime:0.000011s ]
INFO: [ app_init ] --END-- [ RunTime:0.000280s ]

[ 2015-09-30T09:44:12+08:00 ] 113.44.192.165 /favicon.ico
INFO: [ app_init ] --START--
INFO: Run Behavior\BuildLiteBehavior [ RunTime:0.000011s ]
INFO: [ app_init ] --END-- [ RunTime:0.000304s ]

[ 2015-09-30T09:44:26+08:00 ] 113.44.192.165 /User/login.html
INFO: [ app_init ] --START--
INFO: Run Behavior\BuildLiteBehavior [ RunTime:0.000012s ]
INFO: [ app_init ] --END-- [ RunTime:0.000279s ]
INFO: [ app_begin ] --START--
INFO: Run Behavior\ReadHtmlCacheBehavior [ RunTime:0.000366s ]
INFO: [ app_begin ] --END-- [ RunTime:0.000413s ]
NOTIC: [8] A session had already been started - ignoring session_start() /home/www/new.dlxu.com/Application/Home/Controller/UserController.class.php 第 8 行.
NOTIC: [8] Undefined index: db_host /home/www/new.dlxu.com/ThinkPHP/Library/Think/Db.class.php 第 66 行.
NOTIC: [8] Undefined index: db_name /home/www/new.dlxu.com/ThinkPHP/Library/Think/Db.class.php 第 68 行.
ERR: SQLSTATE[HY000] [2019] Unknown character set

[ 2015-09-30T09:44:45+08:00 ] 113.44.192.165 /User/login.html
INFO: [ app_init ] --START--
INFO: Run Behavior\BuildLiteBehavior [ RunTime:0.000015s ]
INFO: [ app_init ] --END-- [ RunTime:0.000347s ]
INFO: [ app_begin ] --START--
INFO: Run Behavior\ReadHtmlCacheBehavior [ RunTime:0.000407s ]
INFO: [ app_begin ] --END-- [ RunTime:0.000479s ]
NOTIC: [8] A session had already been started - ignoring session_start() /home/www/new.dlxu.com/Application/Home/Controller/UserController.class.php 第 8 行.
NOTIC: [8] Undefined index: db_host /home/www/new.dlxu.com/ThinkPHP/Library/Think/Db.class.php 第 66 行.
NOTIC: [8] Undefined index: db_name /home/www/new.dlxu.com/ThinkPHP/Library/Think/Db.class.php 第 68 行.
ERR: SQLSTATE[HY000] [2019] Unknown character set

[ 2015-09-30T09:48:02+08:00 ] 113.44.192.165 /User/login.html
INFO: [ app_init ] --START--
INFO: Run Behavior\BuildLiteBehavior [ RunTime:0.000013s ]
INFO: [ app_init ] --END-- [ RunTime:0.000292s ]
INFO: [ app_begin ] --START--
INFO: Run Behavior\ReadHtmlCacheBehavior [ RunTime:0.000391s ]
INFO: [ app_begin ] --END-- [ RunTime:0.000444s ]
NOTIC: [8] A session had already been started - ignoring session_start() /home/www/new.dlxu.com/Application/Home/Controller/UserController.class.php 第 8 行.
NOTIC: [8] Undefined index: db_host /home/www/new.dlxu.com/ThinkPHP/Library/Think/Db.class.php 第 66 行.
NOTIC: [8] Undefined index: db_name /home/www/new.dlxu.com/ThinkPHP/Library/Think/Db.class.php 第 68 行.
SQL: SHOW COLUMNS FROM `dede_member` [ RunTime:0.0821s ]
SQL: SHOW COLUMNS FROM `dede_member` [ RunTime:0.0013s ]
ERR: 1054:Unknown column 'm.id' in 'field list'
 [ SQL语句 ] : SELECT m.id,a.usertype,r.type FROM dede_member m JOIN dede_admin a ON m.mid=a.id LEFT JOIN tbl_userright r ON r.mid=u.mid WHERE m.userid = '' AND m.pwd = 'd41d8cd98f00b204e9800998ecf8427e' 
ERR: 1054:Unknown column 'm.id' in 'field list'
 [ SQL语句 ] : SELECT m.id,a.usertype,r.type FROM dede_member m JOIN dede_admin a ON m.mid=a.id LEFT JOIN tbl_userright r ON r.mid=u.mid WHERE m.userid = '' AND m.pwd = 'd41d8cd98f00b204e9800998ecf8427e' 

[ 2015-09-30T09:49:45+08:00 ] 113.44.192.165 /User/login.html
INFO: [ app_init ] --START--
INFO: Run Behavior\BuildLiteBehavior [ RunTime:0.000013s ]
INFO: [ app_init ] --END-- [ RunTime:0.000294s ]
INFO: [ app_begin ] --START--
INFO: Run Behavior\ReadHtmlCacheBehavior [ RunTime:0.000341s ]
INFO: [ app_begin ] --END-- [ RunTime:0.000407s ]
NOTIC: [8] A session had already been started - ignoring session_start() /home/www/new.dlxu.com/Application/Home/Controller/UserController.class.php 第 8 行.
NOTIC: [8] Undefined index: db_host /home/www/new.dlxu.com/ThinkPHP/Library/Think/Db.class.php 第 66 行.
NOTIC: [8] Undefined index: db_name /home/www/new.dlxu.com/ThinkPHP/Library/Think/Db.class.php 第 68 行.
SQL: SHOW COLUMNS FROM `dede_member` [ RunTime:0.0011s ]
SQL: SHOW COLUMNS FROM `dede_member` [ RunTime:0.0008s ]
ERR: 1054:Unknown column 'u.mid' in 'on clause'
 [ SQL语句 ] : SELECT m.mid,a.usertype,r.type FROM dede_member m JOIN dede_admin a ON m.mid=a.id LEFT JOIN tbl_userright r ON r.mid=u.mid WHERE m.userid = '' AND m.pwd = 'd41d8cd98f00b204e9800998ecf8427e' 
ERR: 1054:Unknown column 'u.mid' in 'on clause'
 [ SQL语句 ] : SELECT m.mid,a.usertype,r.type FROM dede_member m JOIN dede_admin a ON m.mid=a.id LEFT JOIN tbl_userright r ON r.mid=u.mid WHERE m.userid = '' AND m.pwd = 'd41d8cd98f00b204e9800998ecf8427e' 

[ 2015-09-30T09:50:15+08:00 ] 113.44.192.165 /User/login.html
INFO: [ app_init ] --START--
INFO: Run Behavior\BuildLiteBehavior [ RunTime:0.000012s ]
INFO: [ app_init ] --END-- [ RunTime:0.000315s ]
INFO: [ app_begin ] --START--
INFO: Run Behavior\ReadHtmlCacheBehavior [ RunTime:0.000387s ]
INFO: [ app_begin ] --END-- [ RunTime:0.000438s ]
NOTIC: [8] A session had already been started - ignoring session_start() /home/www/new.dlxu.com/Application/Home/Controller/UserController.class.php 第 8 行.
NOTIC: [8] Undefined index: db_host /home/www/new.dlxu.com/ThinkPHP/Library/Think/Db.class.php 第 66 行.
NOTIC: [8] Undefined index: db_name /home/www/new.dlxu.com/ThinkPHP/Library/Think/Db.class.php 第 68 行.
SQL: SHOW COLUMNS FROM `dede_member` [ RunTime:0.0010s ]
SQL: SHOW COLUMNS FROM `dede_member` [ RunTime:0.0007s ]
SQL: SELECT m.mid,a.usertype,r.type FROM dede_member m JOIN dede_admin a ON m.mid=a.id LEFT JOIN tbl_userright r ON r.mid=m.mid WHERE m.userid = '' AND m.pwd = 'd41d8cd98f00b204e9800998ecf8427e'  [ RunTime:0.0003s ]
INFO: [ app_end ] --START--
INFO: Run Behavior\ShowPageTraceBehavior [ RunTime:0.000570s ]
INFO: [ app_end ] --END-- [ RunTime:0.000631s ]

